2019-09-20 22:56:54,883 - root - DEBUG - Opening watch face 'remake_035.bin'
2019-09-20 22:56:54,883 - root - DEBUG - Reading parameters...
2019-09-20 22:56:54,883 - root - INFO - Reading header...
2019-09-20 22:56:54,883 - root - INFO - Header was read:
2019-09-20 22:56:54,883 - root - INFO - Signature: b'HMDIAL\x00', Unknown: 81, ParametersSize: 45, isValid: True
2019-09-20 22:56:54,883 - root - INFO - Reading parameter offsets...
2019-09-20 22:56:54,884 - root - INFO - Parameter offsets were read from file
2019-09-20 22:56:54,884 - root - INFO - Reading parameters descriptor...
2019-09-20 22:56:54,884 - root - INFO - 1 ( A): 5 bytes
2019-09-20 22:56:54,884 - root - INFO -     1 ( 8): 257 101
2019-09-20 22:56:54,884 - root - INFO -     2 (10): 32 20
2019-09-20 22:56:54,884 - root - INFO - getParameters descriptor was read:
2019-09-20 22:56:54,884 - root - INFO - ParametersTableLength: 257, ImagesCount: 32
2019-09-20 22:56:54,884 - root - INFO - Reading parameters locations...
2019-09-20 22:56:54,884 - root - INFO - 2 (12): 4 bytes
2019-09-20 22:56:54,884 - root - INFO -     1 ( 8): 0  0
2019-09-20 22:56:54,884 - root - INFO -     2 (10): 16 10
2019-09-20 22:56:54,884 - root - INFO - 3 (1A): 4 bytes
2019-09-20 22:56:54,884 - root - INFO -     1 ( 8): 16 10
2019-09-20 22:56:54,884 - root - INFO -     2 (10): 52 34
2019-09-20 22:56:54,884 - root - INFO - 4 (22): 4 bytes
2019-09-20 22:56:54,884 - root - INFO -     1 ( 8): 68 44
2019-09-20 22:56:54,884 - root - INFO -     2 (10): 45 2D
2019-09-20 22:56:54,885 - root - INFO - 5 (2A): 4 bytes
2019-09-20 22:56:54,885 - root - INFO -     1 ( 8): 113 71
2019-09-20 22:56:54,885 - root - INFO -     2 (10): 42 2A
2019-09-20 22:56:54,885 - root - INFO - 9 (4A): 5 bytes
2019-09-20 22:56:54,885 - root - INFO -     1 ( 8): 155 9B
2019-09-20 22:56:54,885 - root - INFO -     2 (10): 21 15
2019-09-20 22:56:54,885 - root - INFO - 10 (52): 5 bytes
2019-09-20 22:56:54,885 - root - INFO -     1 ( 8): 176 B0
2019-09-20 22:56:54,885 - root - INFO -     2 (10): 81 51
2019-09-20 22:56:54,885 - root - INFO - Watch face parameters locations were read:
2019-09-20 22:56:54,885 - root - INFO - Reading descriptor for parameter 2
2019-09-20 22:56:54,885 - root - INFO - Descriptor offset: 0, Descriptor length: 16
2019-09-20 22:56:54,885 - root - INFO - Parsing descriptor for parameter 2...
2019-09-20 22:56:54,885 - root - INFO - 1 ( A): 6 bytes
2019-09-20 22:56:54,886 - root - INFO -     1 ( 8): 0  0
2019-09-20 22:56:54,886 - root - INFO -     2 (10): 0  0
2019-09-20 22:56:54,886 - root - INFO -     3 (18): 0  0
2019-09-20 22:56:54,886 - root - INFO - 3 (1A): 6 bytes
2019-09-20 22:56:54,886 - root - INFO -     1 ( 8): 0  0
2019-09-20 22:56:54,886 - root - INFO -     2 (10): 0  0
2019-09-20 22:56:54,886 - root - INFO -     3 (18): 1  1
2019-09-20 22:56:54,886 - root - INFO - Reading descriptor for parameter 3
2019-09-20 22:56:54,886 - root - INFO - Descriptor offset: 16, Descriptor length: 52
2019-09-20 22:56:54,886 - root - INFO - Parsing descriptor for parameter 3...
2019-09-20 22:56:54,887 - root - INFO - 1 ( A): 24 bytes
2019-09-20 22:56:54,887 - root - INFO -     1 ( A): 10 bytes
2019-09-20 22:56:54,887 - root - INFO -         1 ( 8): 169 A9
2019-09-20 22:56:54,887 - root - INFO -         2 (10): 303 12F
2019-09-20 22:56:54,887 - root - INFO -         3 (18): 2  2
2019-09-20 22:56:54,887 - root - INFO -         4 (20): 10  A
2019-09-20 22:56:54,887 - root - INFO -     2 (12): 10 bytes
2019-09-20 22:56:54,887 - root - INFO -         1 ( 8): 196 C4
2019-09-20 22:56:54,887 - root - INFO -         2 (10): 303 12F
2019-09-20 22:56:54,887 - root - INFO -         3 (18): 2  2
2019-09-20 22:56:54,887 - root - INFO -         4 (20): 10  A
2019-09-20 22:56:54,887 - root - INFO - 2 (12): 24 bytes
2019-09-20 22:56:54,887 - root - INFO -     1 ( A): 10 bytes
2019-09-20 22:56:54,887 - root - INFO -         1 ( 8): 234 EA
2019-09-20 22:56:54,887 - root - INFO -         2 (10): 303 12F
2019-09-20 22:56:54,887 - root - INFO -         3 (18): 2  2
2019-09-20 22:56:54,887 - root - INFO -         4 (20): 10  A
2019-09-20 22:56:54,888 - root - INFO -     2 (12): 10 bytes
2019-09-20 22:56:54,888 - root - INFO -         1 ( 8): 261 105
2019-09-20 22:56:54,888 - root - INFO -         2 (10): 303 12F
2019-09-20 22:56:54,888 - root - INFO -         3 (18): 2  2
2019-09-20 22:56:54,888 - root - INFO -         4 (20): 10  A
2019-09-20 22:56:54,888 - root - INFO - Reading descriptor for parameter 4
2019-09-20 22:56:54,888 - root - INFO - Descriptor offset: 68, Descriptor length: 45
2019-09-20 22:56:54,888 - root - INFO - Parsing descriptor for parameter 4...
2019-09-20 22:56:54,888 - root - INFO - 3 (1A): 20 bytes
2019-09-20 22:56:54,888 - root - INFO -     1 ( 8): 186 BA
2019-09-20 22:56:54,888 - root - INFO -     2 (10): 331 14B
2019-09-20 22:56:54,889 - root - INFO -     3 (18): 268 10C
2019-09-20 22:56:54,889 - root - INFO -     4 (20): 358 166
2019-09-20 22:56:54,889 - root - INFO -     5 (28): 24 18
2019-09-20 22:56:54,889 - root - INFO -     6 (30): 1  1
2019-09-20 22:56:54,889 - root - INFO -     7 (38): 2  2
2019-09-20 22:56:54,889 - root - INFO -     8 (40): 10  A
2019-09-20 22:56:54,889 - root - INFO - 5 (2A): 21 bytes
2019-09-20 22:56:54,889 - root - INFO -     1 ( A): 19 bytes
2019-09-20 22:56:54,889 - root - INFO -         1 ( 8): 187 BB
2019-09-20 22:56:54,889 - root - INFO -         2 (10): 123 7B
2019-09-20 22:56:54,889 - root - INFO -         3 (18): 267 10B
2019-09-20 22:56:54,889 - root - INFO -         4 (20): 139 8B
2019-09-20 22:56:54,889 - root - INFO -         5 (28): 24 18
2019-09-20 22:56:54,889 - root - INFO -         6 (30): 1  1
2019-09-20 22:56:54,889 - root - INFO -         7 (38): 12  C
2019-09-20 22:56:54,889 - root - INFO -         8 (40): 10  A
2019-09-20 22:56:54,889 - root - INFO - Reading descriptor for parameter 5
2019-09-20 22:56:54,890 - root - INFO - Descriptor offset: 113, Descriptor length: 42
2019-09-20 22:56:54,890 - root - INFO - Parsing descriptor for parameter 5...
2019-09-20 22:56:54,890 - root - INFO - 1 ( A): 28 bytes
2019-09-20 22:56:54,890 - root - INFO -     1 ( A): 22 bytes
2019-09-20 22:56:54,890 - root - INFO -         3 (1A): 20 bytes
2019-09-20 22:56:54,890 - root - INFO -             1 ( 8): 309 135
2019-09-20 22:56:54,890 - root - INFO -             2 (10): 218 DA
2019-09-20 22:56:54,890 - root - INFO -             3 (18): 341 155
2019-09-20 22:56:54,890 - root - INFO -             4 (20): 234 EA
2019-09-20 22:56:54,890 - root - INFO -             5 (28): 24 18
2019-09-20 22:56:54,890 - root - INFO -             6 (30): 1  1
2019-09-20 22:56:54,890 - root - INFO -             7 (38): 12  C
2019-09-20 22:56:54,890 - root - INFO -             8 (40): 10  A
2019-09-20 22:56:54,890 - root - INFO -     3 (18): 1  1
2019-09-20 22:56:54,890 - root - INFO -     4 (20): 1  1
2019-09-20 22:56:54,890 - root - INFO - 2 (12): 10 bytes
2019-09-20 22:56:54,890 - root - INFO -     1 ( 8): 256 100
2019-09-20 22:56:54,890 - root - INFO -     2 (10): 157 9D
2019-09-20 22:56:54,890 - root - INFO -     3 (18): 11  B
2019-09-20 22:56:54,891 - root - INFO -     4 (20): 21 15
2019-09-20 22:56:54,891 - root - INFO - Reading descriptor for parameter 9
2019-09-20 22:56:54,891 - root - INFO - Descriptor offset: 155, Descriptor length: 21
2019-09-20 22:56:54,891 - root - INFO - Parsing descriptor for parameter 9...
2019-09-20 22:56:54,891 - root - INFO - 1 ( A): 19 bytes
2019-09-20 22:56:54,891 - root - INFO -     1 ( 8): 101 65
2019-09-20 22:56:54,891 - root - INFO -     2 (10): 218 DA
2019-09-20 22:56:54,891 - root - INFO -     3 (18): 148 94
2019-09-20 22:56:54,891 - root - INFO -     4 (20): 234 EA
2019-09-20 22:56:54,891 - root - INFO -     5 (28): 20 14
2019-09-20 22:56:54,891 - root - INFO -     6 (30): 1  1
2019-09-20 22:56:54,891 - root - INFO -     7 (38): 12  C
2019-09-20 22:56:54,891 - root - INFO -     8 (40): 10  A
2019-09-20 22:56:54,891 - root - INFO - Reading descriptor for parameter 10
2019-09-20 22:56:54,891 - root - INFO - Descriptor offset: 176, Descriptor length: 81
2019-09-20 22:56:54,891 - root - INFO - Parsing descriptor for parameter 10...
2019-09-20 22:56:54,891 - root - INFO - 1 ( A): 25 bytes
2019-09-20 22:56:54,891 - root - INFO -     1 ( 8): 0  0
2019-09-20 22:56:54,891 - root - INFO -     2 (10): 0  0
2019-09-20 22:56:54,891 - root - INFO -     3 (1A): 4 bytes
2019-09-20 22:56:54,891 - root - INFO -         1 ( 8): 0  0
2019-09-20 22:56:54,891 - root - INFO -         2 (10): 0  0
2019-09-20 22:56:54,891 - root - INFO -     4 (22): 4 bytes
2019-09-20 22:56:54,892 - root - INFO -         1 ( 8): 0  0
2019-09-20 22:56:54,892 - root - INFO -         2 (10): 0  0
2019-09-20 22:56:54,892 - root - INFO -     5 (2A): 7 bytes
2019-09-20 22:56:54,892 - root - INFO -         1 ( 8): 27 1B
2019-09-20 22:56:54,892 - root - INFO -         2 (10): 229 E5
2019-09-20 22:56:54,892 - root - INFO -         3 (18): 22 16
2019-09-20 22:56:54,892 - root - INFO - 2 (12): 25 bytes
2019-09-20 22:56:54,892 - root - INFO -     1 ( 8): 0  0
2019-09-20 22:56:54,892 - root - INFO -     2 (10): 0  0
2019-09-20 22:56:54,892 - root - INFO -     3 (1A): 4 bytes
2019-09-20 22:56:54,892 - root - INFO -         1 ( 8): 0  0
2019-09-20 22:56:54,892 - root - INFO -         2 (10): 0  0
2019-09-20 22:56:54,892 - root - INFO -     4 (22): 4 bytes
2019-09-20 22:56:54,892 - root - INFO -         1 ( 8): 0  0
2019-09-20 22:56:54,893 - root - INFO -         2 (10): 0  0
2019-09-20 22:56:54,893 - root - INFO -     5 (2A): 7 bytes
2019-09-20 22:56:54,893 - root - INFO -         1 ( 8): 29 1D
2019-09-20 22:56:54,893 - root - INFO -         2 (10): 229 E5
2019-09-20 22:56:54,893 - root - INFO -         3 (18): 23 17
2019-09-20 22:56:54,893 - root - INFO - 3 (1A): 25 bytes
2019-09-20 22:56:54,893 - root - INFO -     1 ( 8): 0  0
2019-09-20 22:56:54,893 - root - INFO -     2 (10): 0  0
2019-09-20 22:56:54,893 - root - INFO -     3 (1A): 4 bytes
2019-09-20 22:56:54,893 - root - INFO -         1 ( 8): 0  0
2019-09-20 22:56:54,893 - root - INFO -         2 (10): 0  0
2019-09-20 22:56:54,893 - root - INFO -     4 (22): 4 bytes
2019-09-20 22:56:54,893 - root - INFO -         1 ( 8): 0  0
2019-09-20 22:56:54,893 - root - INFO -         2 (10): 0  0
2019-09-20 22:56:54,893 - root - INFO -     5 (2A): 7 bytes
2019-09-20 22:56:54,893 - root - INFO -         1 ( 8): 29 1D
2019-09-20 22:56:54,894 - root - INFO -         2 (10): 229 E5
2019-09-20 22:56:54,894 - root - INFO -         3 (18): 24 18
2019-09-20 22:56:54,895 - root - INFO - Reading resources offsets table with 32 elements (128 bytes)
2019-09-20 22:56:54,895 - root - INFO - Resource 0 offset: 496, length: 824488...
2019-09-20 22:56:54,895 - root - WARNING - Found 2 bytes gap before resource number 0
2019-09-20 22:56:54,895 - root - DEBUG - Reading resource 0...
2019-09-20 22:56:54,907 - root - WARNING - The image is 32bit.
2019-09-20 22:56:54,907 - root - INFO - Reading image header(non-bip)...
2019-09-20 22:56:54,907 - root - INFO - Image header was read:
2019-09-20 22:56:54,907 - root - INFO - Width: 454, Height: 454, RowLength: 1816
2019-09-20 22:56:54,907 - root - INFO - BPP: 32, Transparency: False
2019-09-20 22:56:55,416 - root - INFO - Resource 1 offset: 824984, length: 283048...
2019-09-20 22:56:55,416 - root - DEBUG - Reading resource 1...
2019-09-20 22:56:55,416 - root - WARNING - The image is 32bit.
2019-09-20 22:56:55,416 - root - INFO - Reading image header(non-bip)...
2019-09-20 22:56:55,416 - root - INFO - Image header was read:
2019-09-20 22:56:55,416 - root - INFO - Width: 266, Height: 266, RowLength: 1064
2019-09-20 22:56:55,416 - root - INFO - BPP: 32, Transparency: False
2019-09-20 22:56:55,583 - root - INFO - Resource 2 offset: 1108032, length: 3024...
2019-09-20 22:56:55,583 - root - DEBUG - Reading resource 2...
2019-09-20 22:56:55,583 - root - WARNING - The image is 32bit.
2019-09-20 22:56:55,583 - root - INFO - Reading image header(non-bip)...
2019-09-20 22:56:55,583 - root - INFO - Image header was read:
2019-09-20 22:56:55,583 - root - INFO - Width: 25, Height: 30, RowLength: 100
2019-09-20 22:56:55,583 - root - INFO - BPP: 32, Transparency: False
2019-09-20 22:56:55,585 - root - INFO - Resource 3 offset: 1111056, length: 3024...
2019-09-20 22:56:55,585 - root - DEBUG - Reading resource 3...
2019-09-20 22:56:55,585 - root - WARNING - The image is 32bit.
2019-09-20 22:56:55,585 - root - INFO - Reading image header(non-bip)...
2019-09-20 22:56:55,585 - root - INFO - Image header was read:
2019-09-20 22:56:55,585 - root - INFO - Width: 25, Height: 30, RowLength: 100
2019-09-20 22:56:55,585 - root - INFO - BPP: 32, Transparency: False
2019-09-20 22:56:55,588 - root - INFO - Resource 4 offset: 1114080, length: 3024...
2019-09-20 22:56:55,588 - root - DEBUG - Reading resource 4...
2019-09-20 22:56:55,588 - root - WARNING - The image is 32bit.
2019-09-20 22:56:55,588 - root - INFO - Reading image header(non-bip)...
2019-09-20 22:56:55,588 - root - INFO - Image header was read:
2019-09-20 22:56:55,588 - root - INFO - Width: 25, Height: 30, RowLength: 100
2019-09-20 22:56:55,588 - root - INFO - BPP: 32, Transparency: False
2019-09-20 22:56:55,591 - root - INFO - Resource 5 offset: 1117104, length: 3024...
2019-09-20 22:56:55,591 - root - DEBUG - Reading resource 5...
2019-09-20 22:56:55,591 - root - WARNING - The image is 32bit.
2019-09-20 22:56:55,591 - root - INFO - Reading image header(non-bip)...
2019-09-20 22:56:55,591 - root - INFO - Image header was read:
2019-09-20 22:56:55,591 - root - INFO - Width: 25, Height: 30, RowLength: 100
2019-09-20 22:56:55,591 - root - INFO - BPP: 32, Transparency: False
2019-09-20 22:56:55,593 - root - INFO - Resource 6 offset: 1120128, length: 3024...
2019-09-20 22:56:55,593 - root - DEBUG - Reading resource 6...
2019-09-20 22:56:55,593 - root - WARNING - The image is 32bit.
2019-09-20 22:56:55,593 - root - INFO - Reading image header(non-bip)...
2019-09-20 22:56:55,593 - root - INFO - Image header was read:
2019-09-20 22:56:55,593 - root - INFO - Width: 25, Height: 30, RowLength: 100
2019-09-20 22:56:55,593 - root - INFO - BPP: 32, Transparency: False
2019-09-20 22:56:55,595 - root - INFO - Resource 7 offset: 1123152, length: 3024...
2019-09-20 22:56:55,595 - root - DEBUG - Reading resource 7...
2019-09-20 22:56:55,595 - root - WARNING - The image is 32bit.
2019-09-20 22:56:55,595 - root - INFO - Reading image header(non-bip)...
2019-09-20 22:56:55,595 - root - INFO - Image header was read:
2019-09-20 22:56:55,595 - root - INFO - Width: 25, Height: 30, RowLength: 100
2019-09-20 22:56:55,595 - root - INFO - BPP: 32, Transparency: False
2019-09-20 22:56:55,596 - root - INFO - Resource 8 offset: 1126176, length: 3024...
2019-09-20 22:56:55,597 - root - DEBUG - Reading resource 8...
2019-09-20 22:56:55,597 - root - WARNING - The image is 32bit.
2019-09-20 22:56:55,597 - root - INFO - Reading image header(non-bip)...
2019-09-20 22:56:55,597 - root - INFO - Image header was read:
2019-09-20 22:56:55,597 - root - INFO - Width: 25, Height: 30, RowLength: 100
2019-09-20 22:56:55,597 - root - INFO - BPP: 32, Transparency: False
2019-09-20 22:56:55,598 - root - INFO - Resource 9 offset: 1129200, length: 3024...
2019-09-20 22:56:55,598 - root - DEBUG - Reading resource 9...
2019-09-20 22:56:55,598 - root - WARNING - The image is 32bit.
2019-09-20 22:56:55,598 - root - INFO - Reading image header(non-bip)...
2019-09-20 22:56:55,599 - root - INFO - Image header was read:
2019-09-20 22:56:55,599 - root - INFO - Width: 25, Height: 30, RowLength: 100
2019-09-20 22:56:55,599 - root - INFO - BPP: 32, Transparency: False
2019-09-20 22:56:55,600 - root - INFO - Resource 10 offset: 1132224, length: 3024...
2019-09-20 22:56:55,600 - root - DEBUG - Reading resource 10...
2019-09-20 22:56:55,600 - root - WARNING - The image is 32bit.
2019-09-20 22:56:55,600 - root - INFO - Reading image header(non-bip)...
2019-09-20 22:56:55,600 - root - INFO - Image header was read:
2019-09-20 22:56:55,600 - root - INFO - Width: 25, Height: 30, RowLength: 100
2019-09-20 22:56:55,600 - root - INFO - BPP: 32, Transparency: False
2019-09-20 22:56:55,605 - root - INFO - Resource 11 offset: 1135248, length: 3024...
2019-09-20 22:56:55,605 - root - DEBUG - Reading resource 11...
2019-09-20 22:56:55,605 - root - WARNING - The image is 32bit.
2019-09-20 22:56:55,605 - root - INFO - Reading image header(non-bip)...
2019-09-20 22:56:55,605 - root - INFO - Image header was read:
2019-09-20 22:56:55,605 - root - INFO - Width: 25, Height: 30, RowLength: 100
2019-09-20 22:56:55,605 - root - INFO - BPP: 32, Transparency: False
2019-09-20 22:56:55,608 - root - INFO - Resource 12 offset: 1138272, length: 808...
2019-09-20 22:56:55,608 - root - DEBUG - Reading resource 12...
2019-09-20 22:56:55,608 - root - WARNING - The image is 32bit.
2019-09-20 22:56:55,608 - root - INFO - Reading image header(non-bip)...
2019-09-20 22:56:55,608 - root - INFO - Image header was read:
2019-09-20 22:56:55,608 - root - INFO - Width: 14, Height: 14, RowLength: 56
2019-09-20 22:56:55,608 - root - INFO - BPP: 32, Transparency: False
2019-09-20 22:56:55,609 - root - INFO - Resource 13 offset: 1139080, length: 808...
2019-09-20 22:56:55,609 - root - DEBUG - Reading resource 13...
2019-09-20 22:56:55,609 - root - WARNING - The image is 32bit.
2019-09-20 22:56:55,609 - root - INFO - Reading image header(non-bip)...
2019-09-20 22:56:55,609 - root - INFO - Image header was read:
2019-09-20 22:56:55,609 - root - INFO - Width: 14, Height: 14, RowLength: 56
2019-09-20 22:56:55,609 - root - INFO - BPP: 32, Transparency: False
2019-09-20 22:56:55,609 - root - INFO - Resource 14 offset: 1139888, length: 808...
2019-09-20 22:56:55,610 - root - DEBUG - Reading resource 14...
2019-09-20 22:56:55,610 - root - WARNING - The image is 32bit.
2019-09-20 22:56:55,610 - root - INFO - Reading image header(non-bip)...
2019-09-20 22:56:55,610 - root - INFO - Image header was read:
2019-09-20 22:56:55,610 - root - INFO - Width: 14, Height: 14, RowLength: 56
2019-09-20 22:56:55,610 - root - INFO - BPP: 32, Transparency: False
2019-09-20 22:56:55,611 - root - INFO - Resource 15 offset: 1140696, length: 808...
2019-09-20 22:56:55,611 - root - DEBUG - Reading resource 15...
2019-09-20 22:56:55,611 - root - WARNING - The image is 32bit.
2019-09-20 22:56:55,611 - root - INFO - Reading image header(non-bip)...
2019-09-20 22:56:55,611 - root - INFO - Image header was read:
2019-09-20 22:56:55,611 - root - INFO - Width: 14, Height: 14, RowLength: 56
2019-09-20 22:56:55,611 - root - INFO - BPP: 32, Transparency: False
2019-09-20 22:56:55,611 - root - INFO - Resource 16 offset: 1141504, length: 808...
2019-09-20 22:56:55,611 - root - DEBUG - Reading resource 16...
2019-09-20 22:56:55,611 - root - WARNING - The image is 32bit.
2019-09-20 22:56:55,611 - root - INFO - Reading image header(non-bip)...
2019-09-20 22:56:55,611 - root - INFO - Image header was read:
2019-09-20 22:56:55,612 - root - INFO - Width: 14, Height: 14, RowLength: 56
2019-09-20 22:56:55,612 - root - INFO - BPP: 32, Transparency: False
2019-09-20 22:56:55,612 - root - INFO - Resource 17 offset: 1142312, length: 864...
2019-09-20 22:56:55,612 - root - DEBUG - Reading resource 17...
2019-09-20 22:56:55,612 - root - WARNING - The image is 32bit.
2019-09-20 22:56:55,612 - root - INFO - Reading image header(non-bip)...
2019-09-20 22:56:55,612 - root - INFO - Image header was read:
2019-09-20 22:56:55,612 - root - INFO - Width: 15, Height: 14, RowLength: 60
2019-09-20 22:56:55,612 - root - INFO - BPP: 32, Transparency: False
2019-09-20 22:56:55,613 - root - INFO - Resource 18 offset: 1143176, length: 808...
2019-09-20 22:56:55,613 - root - DEBUG - Reading resource 18...
2019-09-20 22:56:55,613 - root - WARNING - The image is 32bit.
2019-09-20 22:56:55,613 - root - INFO - Reading image header(non-bip)...
2019-09-20 22:56:55,613 - root - INFO - Image header was read:
2019-09-20 22:56:55,613 - root - INFO - Width: 14, Height: 14, RowLength: 56
2019-09-20 22:56:55,613 - root - INFO - BPP: 32, Transparency: False
2019-09-20 22:56:55,613 - root - INFO - Resource 19 offset: 1143984, length: 808...
2019-09-20 22:56:55,613 - root - DEBUG - Reading resource 19...
2019-09-20 22:56:55,613 - root - WARNING - The image is 32bit.
2019-09-20 22:56:55,613 - root - INFO - Reading image header(non-bip)...
2019-09-20 22:56:55,614 - root - INFO - Image header was read:
2019-09-20 22:56:55,614 - root - INFO - Width: 14, Height: 14, RowLength: 56
2019-09-20 22:56:55,614 - root - INFO - BPP: 32, Transparency: False
2019-09-20 22:56:55,614 - root - INFO - Resource 20 offset: 1144792, length: 864...
2019-09-20 22:56:55,614 - root - DEBUG - Reading resource 20...
2019-09-20 22:56:55,614 - root - WARNING - The image is 32bit.
2019-09-20 22:56:55,614 - root - INFO - Reading image header(non-bip)...
2019-09-20 22:56:55,614 - root - INFO - Image header was read:
2019-09-20 22:56:55,614 - root - INFO - Width: 15, Height: 14, RowLength: 60
2019-09-20 22:56:55,614 - root - INFO - BPP: 32, Transparency: False
2019-09-20 22:56:55,615 - root - INFO - Resource 21 offset: 1145656, length: 808...
2019-09-20 22:56:55,615 - root - DEBUG - Reading resource 21...
2019-09-20 22:56:55,615 - root - WARNING - The image is 32bit.
2019-09-20 22:56:55,615 - root - INFO - Reading image header(non-bip)...
2019-09-20 22:56:55,615 - root - INFO - Image header was read:
2019-09-20 22:56:55,615 - root - INFO - Width: 14, Height: 14, RowLength: 56
2019-09-20 22:56:55,615 - root - INFO - BPP: 32, Transparency: False
2019-09-20 22:56:55,616 - root - INFO - Resource 22 offset: 1146464, length: 98304...
2019-09-20 22:56:55,616 - root - DEBUG - Reading resource 22...
2019-09-20 22:56:55,616 - root - WARNING - The image is 32bit.
2019-09-20 22:56:55,616 - root - INFO - Reading image header(non-bip)...
2019-09-20 22:56:55,616 - root - INFO - Image header was read:
2019-09-20 22:56:55,616 - root - INFO - Width: 54, Height: 455, RowLength: 216
2019-09-20 22:56:55,616 - root - INFO - BPP: 32, Transparency: False
2019-09-20 22:56:55,677 - root - INFO - Resource 23 offset: 1244768, length: 105584...
2019-09-20 22:56:55,677 - root - DEBUG - Reading resource 23...
2019-09-20 22:56:55,677 - root - WARNING - The image is 32bit.
2019-09-20 22:56:55,677 - root - INFO - Reading image header(non-bip)...
2019-09-20 22:56:55,677 - root - INFO - Image header was read:
2019-09-20 22:56:55,677 - root - INFO - Width: 58, Height: 455, RowLength: 232
2019-09-20 22:56:55,677 - root - INFO - BPP: 32, Transparency: False
2019-09-20 22:56:55,741 - root - INFO - Resource 24 offset: 1350352, length: 105584...
2019-09-20 22:56:55,741 - root - DEBUG - Reading resource 24...
2019-09-20 22:56:55,741 - root - WARNING - The image is 32bit.
2019-09-20 22:56:55,741 - root - INFO - Reading image header(non-bip)...
2019-09-20 22:56:55,741 - root - INFO - Image header was read:
2019-09-20 22:56:55,741 - root - INFO - Width: 58, Height: 455, RowLength: 232
2019-09-20 22:56:55,741 - root - INFO - BPP: 32, Transparency: False
2019-09-20 22:56:55,792 - root - INFO - Resource 25 offset: 1455936, length: 74008...
2019-09-20 22:56:55,792 - root - DEBUG - Reading resource 25...
2019-09-20 22:56:55,792 - root - WARNING - The image is 32bit.
2019-09-20 22:56:55,792 - root - INFO - Reading image header(non-bip)...
2019-09-20 22:56:55,792 - root - INFO - Image header was read:
2019-09-20 22:56:55,793 - root - INFO - Width: 136, Height: 136, RowLength: 544
2019-09-20 22:56:55,793 - root - INFO - BPP: 32, Transparency: False
2019-09-20 22:56:55,830 - root - INFO - Resource 26 offset: 1529944, length: 74008...
2019-09-20 22:56:55,830 - root - DEBUG - Reading resource 26...
2019-09-20 22:56:55,830 - root - WARNING - The image is 32bit.
2019-09-20 22:56:55,830 - root - INFO - Reading image header(non-bip)...
2019-09-20 22:56:55,830 - root - INFO - Image header was read:
2019-09-20 22:56:55,830 - root - INFO - Width: 136, Height: 136, RowLength: 544
2019-09-20 22:56:55,830 - root - INFO - BPP: 32, Transparency: False
2019-09-20 22:56:55,867 - root - INFO - Resource 27 offset: 1603952, length: 74008...
2019-09-20 22:56:55,867 - root - DEBUG - Reading resource 27...
2019-09-20 22:56:55,867 - root - WARNING - The image is 32bit.
2019-09-20 22:56:55,867 - root - INFO - Reading image header(non-bip)...
2019-09-20 22:56:55,867 - root - INFO - Image header was read:
2019-09-20 22:56:55,867 - root - INFO - Width: 136, Height: 136, RowLength: 544
2019-09-20 22:56:55,867 - root - INFO - BPP: 32, Transparency: False
2019-09-20 22:56:55,906 - root - INFO - Resource 28 offset: 1677960, length: 74008...
2019-09-20 22:56:55,906 - root - DEBUG - Reading resource 28...
2019-09-20 22:56:55,906 - root - WARNING - The image is 32bit.
2019-09-20 22:56:55,906 - root - INFO - Reading image header(non-bip)...
2019-09-20 22:56:55,906 - root - INFO - Image header was read:
2019-09-20 22:56:55,906 - root - INFO - Width: 136, Height: 136, RowLength: 544
2019-09-20 22:56:55,906 - root - INFO - BPP: 32, Transparency: False
2019-09-20 22:56:55,946 - root - INFO - Resource 29 offset: 1751968, length: 74008...
2019-09-20 22:56:55,946 - root - DEBUG - Reading resource 29...
2019-09-20 22:56:55,946 - root - WARNING - The image is 32bit.
2019-09-20 22:56:55,946 - root - INFO - Reading image header(non-bip)...
2019-09-20 22:56:55,946 - root - INFO - Image header was read:
2019-09-20 22:56:55,946 - root - INFO - Width: 136, Height: 136, RowLength: 544
2019-09-20 22:56:55,946 - root - INFO - BPP: 32, Transparency: False
2019-09-20 22:56:55,985 - root - INFO - Resource 30 offset: 1825976, length: 74008...
2019-09-20 22:56:55,985 - root - DEBUG - Reading resource 30...
2019-09-20 22:56:55,985 - root - WARNING - The image is 32bit.
2019-09-20 22:56:55,985 - root - INFO - Reading image header(non-bip)...
2019-09-20 22:56:55,985 - root - INFO - Image header was read:
2019-09-20 22:56:55,985 - root - INFO - Width: 136, Height: 136, RowLength: 544
2019-09-20 22:56:55,985 - root - INFO - BPP: 32, Transparency: False
2019-09-20 22:56:56,024 - root - INFO - Resource 31 offset: 1899984, length: 74008...
2019-09-20 22:56:56,024 - root - DEBUG - Reading resource 31...
2019-09-20 22:56:56,024 - root - WARNING - The image is 32bit.
2019-09-20 22:56:56,024 - root - INFO - Reading image header(non-bip)...
2019-09-20 22:56:56,024 - root - INFO - Image header was read:
2019-09-20 22:56:56,024 - root - INFO - Width: 136, Height: 136, RowLength: 544
2019-09-20 22:56:56,024 - root - INFO - BPP: 32, Transparency: False
2019-09-20 22:56:56,061 - root - DEBUG - Parsing parameters...
2019-09-20 22:56:56,062 - root - DEBUG - generatePreviews
2019-09-20 22:56:56,062 - root - DEBUG - Generating previews...
2019-09-20 22:56:56,063 - root - DEBUG - Generating states done...
2019-09-20 22:56:56,081 - root - DEBUG - Generating static preview gen done...
2019-09-20 22:56:56,216 - root - DEBUG - Generating static preview save done...
2019-09-20 22:56:56,216 - root - DEBUG - Generating anim preview gen done...
2019-09-20 22:56:56,428 - root - DEBUG - generatePreviews done
2019-09-20 22:56:56,428 - root - DEBUG - Exporting resources to 'remake_035'
2019-09-20 22:56:56,428 - root - DEBUG - extracting remake_035/0000.png...
2019-09-20 22:56:56,517 - root - DEBUG - extracting remake_035/0001.png...
2019-09-20 22:56:56,549 - root - DEBUG - extracting remake_035/0002.png...
2019-09-20 22:56:56,550 - root - DEBUG - extracting remake_035/0003.png...
2019-09-20 22:56:56,550 - root - DEBUG - extracting remake_035/0004.png...
2019-09-20 22:56:56,551 - root - DEBUG - extracting remake_035/0005.png...
2019-09-20 22:56:56,551 - root - DEBUG - extracting remake_035/0006.png...
2019-09-20 22:56:56,552 - root - DEBUG - extracting remake_035/0007.png...
2019-09-20 22:56:56,552 - root - DEBUG - extracting remake_035/0008.png...
2019-09-20 22:56:56,552 - root - DEBUG - extracting remake_035/0009.png...
2019-09-20 22:56:56,553 - root - DEBUG - extracting remake_035/0010.png...
2019-09-20 22:56:56,554 - root - DEBUG - extracting remake_035/0011.png...
2019-09-20 22:56:56,554 - root - DEBUG - extracting remake_035/0012.png...
2019-09-20 22:56:56,554 - root - DEBUG - extracting remake_035/0013.png...
2019-09-20 22:56:56,554 - root - DEBUG - extracting remake_035/0014.png...
2019-09-20 22:56:56,555 - root - DEBUG - extracting remake_035/0015.png...
2019-09-20 22:56:56,555 - root - DEBUG - extracting remake_035/0016.png...
2019-09-20 22:56:56,555 - root - DEBUG - extracting remake_035/0017.png...
2019-09-20 22:56:56,555 - root - DEBUG - extracting remake_035/0018.png...
2019-09-20 22:56:56,556 - root - DEBUG - extracting remake_035/0019.png...
2019-09-20 22:56:56,556 - root - DEBUG - extracting remake_035/0020.png...
2019-09-20 22:56:56,556 - root - DEBUG - extracting remake_035/0021.png...
2019-09-20 22:56:56,556 - root - DEBUG - extracting remake_035/0022.png...
2019-09-20 22:56:56,558 - root - DEBUG - extracting remake_035/0023.png...
2019-09-20 22:56:56,560 - root - DEBUG - extracting remake_035/0024.png...
2019-09-20 22:56:56,563 - root - DEBUG - extracting remake_035/0025.png...
2019-09-20 22:56:56,564 - root - DEBUG - extracting remake_035/0026.png...
2019-09-20 22:56:56,565 - root - DEBUG - extracting remake_035/0027.png...
2019-09-20 22:56:56,566 - root - DEBUG - extracting remake_035/0028.png...
2019-09-20 22:56:56,567 - root - DEBUG - extracting remake_035/0029.png...
2019-09-20 22:56:56,569 - root - DEBUG - extracting remake_035/0030.png...
2019-09-20 22:56:56,571 - root - DEBUG - extracting remake_035/0031.png...
2019-09-20 22:56:56,573 - root - DEBUG - Exporting config...
